Base path: 'D:/Programas/Unity/Unity Editor/2019.4.21f1/Editor/Data', plugins path 'D:/Programas/Unity/Unity Editor/2019.4.21f1/Editor/Data/PlaybackEngines'
Cmd: initializeCompiler
Cmd: compileComputeKernel
  api=4 insize=18731 outsize=8738 ok=1
Cmd: compileComputeKernel
  api=4 insize=7960 outsize=1531 ok=1
Cmd: compileComputeKernel
  api=4 insize=9919 outsize=1883 ok=1
Cmd: compileComputeKernel
  api=4 insize=6546 outsize=2550 ok=1
Cmd: compileComputeKernel
  api=4 insize=47665 outsize=1684 ok=1
Cmd: compileComputeKernel
  api=4 insize=47665 outsize=3027 ok=1
Cmd: compileComputeKernel
  api=4 insize=47665 outsize=1306 ok=1
Cmd: compileComputeKernel
  api=4 insize=47665 outsize=1908 ok=1
Cmd: compileComputeKernel
  api=4 insize=47665 outsize=1389 ok=1
Cmd: compileComputeKernel
  api=4 insize=47665 outsize=2416 ok=1
Cmd: compileComputeKernel
  api=4 insize=68835 outsize=4640 ok=1
Cmd: compileComputeKernel
  api=4 insize=29386 outsize=677 ok=1
Cmd: compileComputeKernel
  api=4 insize=29386 outsize=910 ok=1
Cmd: compileComputeKernel
  api=4 insize=29386 outsize=1023 ok=1
Cmd: compileComputeKernel
  api=4 insize=29386 outsize=1287 ok=1
Cmd: compileComputeKernel
  api=4 insize=29386 outsize=1341 ok=1
Cmd: compileComputeKernel
  api=4 insize=29386 outsize=1283 ok=1
Cmd: compileComputeKernel
  api=4 insize=29386 outsize=1382 ok=1
Cmd: compileComputeKernel
  api=4 insize=31899 outsize=2679 ok=1
Cmd: compileComputeKernel
  api=4 insize=4119 outsize=1679 ok=1
Cmd: compileSnippet
  api=4 type=0 insize=1554 outsize=2146 kw=UNITY_PASS_DEFERRED LIGHTPROBE_SH UNITY_HDR_ON INSTANCING_ON pd=UNITY_ENABLE_REFLECTION_BUFFERS UNITY_USE_DITHER_MASK_FOR_ALPHABLENDED_SHADOWS UNITY_PBS_USE_BRDF1 UNITY_SPECCUBE_BOX_PROJECTION UNITY_SPECCUBE_BLENDING UNITY_ENABLE_DETAIL_NORMALMAP SHADER_API_DESKTOP UNITY_COLORSPACE_GAMMA UNITY_LIGHT_PROBE_PROXY_VOLUME UNITY_LIGHTMAP_FULL_HDR ok=1
